Library/Bee/Android/Prj/IL2CPP/Gradle/launcher/build/intermediates/manifest_merge_blame_file/release/manifest-merger-blame-release-report.txt
1<?xml version="1.0" encoding="utf-8"?>
2<manifest xmlns:android="http://schemas.android.com/apk/res/android"
3    package="com.DefaultCompany.HCI_AR"
4    android:installLocation="preferExternal"
5    android:versionCode="1"
6    android:versionName="0.1" >
7
8    <uses-sdk
9        android:minSdkVersion="26"
9-->src\main\AndroidManifest.xml
10        android:targetSdkVersion="30" />
10-->src\main\AndroidManifest.xml
11
12    <supports-screens
12-->src\main\AndroidManifest.xml:3:3-163
13        android:anyDensity="true"
13-->src\main\AndroidManifest.xml:3:135-160
14        android:largeScreens="true"
14-->src\main\AndroidManifest.xml:3:78-105
15        android:normalScreens="true"
15-->src\main\AndroidManifest.xml:3:49-77
16        android:smallScreens="true"
16-->src\main\AndroidManifest.xml:3:21-48
17        android:xlargeScreens="true" />
17-->src\main\AndroidManifest.xml:3:106-134
18
19    <uses-feature android:glEsVersion="0x00030000" />
19-->[:unityLibrary] AndroidManifest.xml:12:5-54
19-->[:unityLibrary] AndroidManifest.xml:12:19-51
20
21    <uses-permission android:name="android.permission.INTERNET" />
21-->[:unityLibrary] AndroidManifest.xml:14:5-67
21-->[:unityLibrary] AndroidManifest.xml:14:22-64
22    <uses-permission android:name="android.permission.CAMERA" />
22-->[:unityLibrary] AndroidManifest.xml:15:5-65
22-->[:unityLibrary] AndroidManifest.xml:15:22-62
23
24    <uses-feature
24-->[:unityLibrary] AndroidManifest.xml:17:5-19:36
25        android:name="android.hardware.camera"
25-->[:unityLibrary] AndroidManifest.xml:18:9-47
26        android:required="true" />
26-->[:unityLibrary] AndroidManifest.xml:19:9-33
27    <uses-feature
27-->[:unityLibrary] AndroidManifest.xml:20:5-22:36
28        android:name="android.hardware.camera.autofocus"
28-->[:unityLibrary] AndroidManifest.xml:21:9-57
29        android:required="false" />
29-->[:unityLibrary] AndroidManifest.xml:22:9-33
30    <uses-feature
30-->[:unityLibrary] AndroidManifest.xml:23:5-25:36
31        android:name="android.hardware.camera.front"
31-->[:unityLibrary] AndroidManifest.xml:24:9-53
32        android:required="false" />
32-->[:unityLibrary] AndroidManifest.xml:25:9-33
33    <uses-feature
33-->[:unityLibrary] AndroidManifest.xml:26:5-28:36
34        android:name="android.hardware.touchscreen"
34-->[:unityLibrary] AndroidManifest.xml:27:9-52
35        android:required="false" />
35-->[:unityLibrary] AndroidManifest.xml:28:9-33
36    <uses-feature
36-->[:unityLibrary] AndroidManifest.xml:29:5-31:36
37        android:name="android.hardware.touchscreen.multitouch"
37-->[:unityLibrary] AndroidManifest.xml:30:9-63
38        android:required="false" />
38-->[:unityLibrary] AndroidManifest.xml:31:9-33
39    <uses-feature
39-->[:unityLibrary] AndroidManifest.xml:32:5-34:36
40        android:name="android.hardware.touchscreen.multitouch.distinct"
40-->[:unityLibrary] AndroidManifest.xml:33:9-72
41        android:required="false" />
41-->[:unityLibrary] AndroidManifest.xml:34:9-33
42    <!--
43        Required by Vuforia: Add this permission to access IMU sensors at high rate
44        for device tracker functionality on Android 12+.
45    -->
46    <uses-permission android:name="android.permission.HIGH_SAMPLING_RATE_SENSORS" /> <!-- Required by Vuforia: Add this permission to allow checking of network. -->
46-->[:VuforiaEngine:] AndroidManifest.xml:16:5-85
46-->[:VuforiaEngine:] AndroidManifest.xml:16:22-82
47    <uses-permission android:name="android.permission.ACCESS_NETWORK_STATE" />
47-->[:VuforiaEngine:] AndroidManifest.xml:19:5-79
47-->[:VuforiaEngine:] AndroidManifest.xml:19:22-76
48
49    <application
49-->src\main\AndroidManifest.xml:4:3-83
50        android:extractNativeLibs="true"
50-->[:unityLibrary] AndroidManifest.xml:36:18-50
51        android:icon="@mipmap/app_icon"
51-->src\main\AndroidManifest.xml:4:49-80
52        android:label="@string/app_name" >
52-->src\main\AndroidManifest.xml:4:16-48
53        <activity
53-->[:unityLibrary] AndroidManifest.xml:37:9-57:20
54            android:name="com.unity3d.player.UnityPlayerActivity"
54-->[:unityLibrary] AndroidManifest.xml:38:13-66
55            android:configChanges="mcc|mnc|locale|touchscreen|keyboard|keyboardHidden|navigation|orientation|screenLayout|uiMode|screenSize|smallestScreenSize|fontScale|layoutDirection|density"
55-->[:unityLibrary] AndroidManifest.xml:39:13-194
56            android:hardwareAccelerated="false"
56-->[:unityLibrary] AndroidManifest.xml:40:13-48
57            android:launchMode="singleTask"
57-->[:unityLibrary] AndroidManifest.xml:41:13-44
58            android:resizeableActivity="false"
58-->[:unityLibrary] AndroidManifest.xml:42:13-47
59            android:screenOrientation="fullUser"
59-->[:unityLibrary] AndroidManifest.xml:43:13-49
60            android:theme="@style/UnityThemeSelector" >
60-->[:unityLibrary] AndroidManifest.xml:44:13-54
61            <intent-filter>
61-->[:unityLibrary] AndroidManifest.xml:45:13-49:29
62                <action android:name="android.intent.action.MAIN" />
62-->[:unityLibrary] AndroidManifest.xml:46:17-69
62-->[:unityLibrary] AndroidManifest.xml:46:25-66
63
64                <category android:name="android.intent.category.LAUNCHER" />
64-->[:unityLibrary] AndroidManifest.xml:48:17-77
64-->[:unityLibrary] AndroidManifest.xml:48:27-74
65            </intent-filter>
66
67            <meta-data
67-->[:unityLibrary] AndroidManifest.xml:51:13-53:40
68                android:name="unityplayer.UnityActivity"
68-->[:unityLibrary] AndroidManifest.xml:52:17-57
69                android:value="true" />
69-->[:unityLibrary] AndroidManifest.xml:53:17-37
70            <meta-data
70-->[:unityLibrary] AndroidManifest.xml:54:13-56:40
71                android:name="android.notch_support"
71-->[:unityLibrary] AndroidManifest.xml:55:17-53
72                android:value="true" />
72-->[:unityLibrary] AndroidManifest.xml:56:17-37
73        </activity>
74
75        <meta-data
75-->[:unityLibrary] AndroidManifest.xml:59:9-61:33
76            android:name="unity.splash-mode"
76-->[:unityLibrary] AndroidManifest.xml:60:13-45
77            android:value="0" />
77-->[:unityLibrary] AndroidManifest.xml:61:13-30
78        <meta-data
78-->[:unityLibrary] AndroidManifest.xml:62:9-64:36
79            android:name="unity.splash-enable"
79-->[:unityLibrary] AndroidManifest.xml:63:13-47
80            android:value="True" />
80-->[:unityLibrary] AndroidManifest.xml:64:13-33
81        <meta-data
81-->[:unityLibrary] AndroidManifest.xml:65:9-67:36
82            android:name="unity.launch-fullscreen"
82-->[:unityLibrary] AndroidManifest.xml:66:13-51
83            android:value="True" />
83-->[:unityLibrary] AndroidManifest.xml:67:13-33
84        <meta-data
84-->[:unityLibrary] AndroidManifest.xml:68:9-70:37
85            android:name="unity.allow-resizable-window"
85-->[:unityLibrary] AndroidManifest.xml:69:13-56
86            android:value="False" />
86-->[:unityLibrary] AndroidManifest.xml:70:13-34
87        <meta-data
87-->[:unityLibrary] AndroidManifest.xml:71:9-73:50
88            android:name="notch.config"
88-->[:unityLibrary] AndroidManifest.xml:72:13-40
89            android:value="portrait|landscape" />
89-->[:unityLibrary] AndroidManifest.xml:73:13-47
90        <meta-data
90-->[:unityLibrary] AndroidManifest.xml:74:9-76:36
91            android:name="unity.auto-report-fully-drawn"
91-->[:unityLibrary] AndroidManifest.xml:75:13-57
92            android:value="true" />
92-->[:unityLibrary] AndroidManifest.xml:76:13-33
93
94        <provider
94-->[:VuforiaEngine:] AndroidManifest.xml:25:9-33:20
95            android:name="com.vuforia.engine.app.VuforiaContentProvider"
95-->[:VuforiaEngine:] AndroidManifest.xml:26:13-73
96            android:authorities="com.DefaultCompany.HCI_AR.vuforia.share"
96-->[:VuforiaEngine:] AndroidManifest.xml:27:13-65
97            android:exported="false"
97-->[:VuforiaEngine:] AndroidManifest.xml:28:13-37
98            android:grantUriPermissions="true" >
98-->[:VuforiaEngine:] AndroidManifest.xml:29:13-47
99            <meta-data
99-->[:VuforiaEngine:] AndroidManifest.xml:30:13-32:53
100                android:name="android.support.FILE_PROVIDER_PATHS"
100-->[:VuforiaEngine:] AndroidManifest.xml:31:17-67
101                android:resource="@xml/filepaths" />
101-->[:VuforiaEngine:] AndroidManifest.xml:32:17-50
102        </provider>
103    </application>
104
105</manifest>